<?xml version="1.0" encoding="UTF-8"?>
<testng-results skipped="0" failed="0" ignored="0" total="1" passed="1">
  <reporter-output>
  </reporter-output>
  <suite name="Default suite" duration-ms="11414" started-at="2022-06-06T06:04:24Z" finished-at="2022-06-06T06:04:35Z">
    <groups>
    </groups>
    <test name="Default test" duration-ms="11414" started-at="2022-06-06T06:04:24Z" finished-at="2022-06-06T06:04:35Z">
      <class name="org.test.Hotal">
        <test-method status="PASS" signature="beforeClass()[pri:0, instance:org.test.Hotal@6f96c77]" name="beforeClass" is-config="true" duration-ms="7924" started-at="2022-06-06T06:04:24Z" finished-at="2022-06-06T06:04:32Z">
          <reporter-output>
          </reporter-output>
        </test-method> <!-- beforeClass -->
        <test-method status="PASS" signature="beforeMethod()[pri:0, instance:org.test.Hotal@6f96c77]" name="beforeMethod" is-config="true" duration-ms="1" started-at="2022-06-06T06:04:32Z" finished-at="2022-06-06T06:04:32Z">
          <reporter-output>
          </reporter-output>
        </test-method> <!-- beforeMethod -->
        <test-method status="PASS" signature="test1()[pri:0, instance:org.test.Hotal@6f96c77]" name="test1" duration-ms="3462" started-at="2022-06-06T06:04:32Z" finished-at="2022-06-06T06:04:35Z">
          <reporter-output>
          </reporter-output>
        </test-method> <!-- test1 -->
        <test-method status="PASS" signature="afterMethod()[pri:0, instance:org.test.Hotal@6f96c77]" name="afterMethod" is-config="true" duration-ms="0" started-at="2022-06-06T06:04:35Z" finished-at="2022-06-06T06:04:35Z">
          <reporter-output>
          </reporter-output>
        </test-method> <!-- afterMethod -->
        <test-method status="PASS" signature="afterClass()[pri:0, instance:org.test.Hotal@6f96c77]" name="afterClass" is-config="true" duration-ms="0" started-at="2022-06-06T06:04:35Z" finished-at="2022-06-06T06:04:35Z">
          <reporter-output>
          </reporter-output>
        </test-method> <!-- afterClass -->
      </class> <!-- org.test.Hotal -->
    </test> <!-- Default test -->
  </suite> <!-- Default suite -->
</testng-results>
